Warning[205] C:\MIS DOCUMENTOS\PICPROGRAMAS\2.ASM 4 : Found directive in column 1. (LIST)
Warning[205] C:\MIS DOCUMENTOS\PICPROGRAMAS\2.ASM 5 : Found directive in column 1. (RADIX)
Warning[205] C:\MIS DOCUMENTOS\PICPROGRAMAS\2.ASM 6 : Found directive in column 1. (INCLUDE)
Warning[205] C:\MIS DOCUMENTOS\PICPROGRAMAS\2.ASM 14 : Found directive in column 1. (org)
Warning[203] C:\MIS DOCUMENTOS\PICPROGRAMAS\2.ASM 15 : Found opcode in column 1. (CLRF)
Warning[203] C:\MIS DOCUMENTOS\PICPROGRAMAS\2.ASM 16 : Found opcode in column 1. (CLRF)
Warning[203] C:\MIS DOCUMENTOS\PICPROGRAMAS\2.ASM 17 : Found opcode in column 1. (BSF)
Warning[203] C:\MIS DOCUMENTOS\PICPROGRAMAS\2.ASM 18 : Found opcode in column 1. (CLRF)
Message[302] C:\MIS DOCUMENTOS\PICPROGRAMAS\2.ASM 18 : Register in operand not in bank 0.  Ensure that bank bits are correct.
Warning[203] C:\MIS DOCUMENTOS\PICPROGRAMAS\2.ASM 19 : Found opcode in column 1. (BCF)
Warning[203] C:\MIS DOCUMENTOS\PICPROGRAMAS\2.ASM 20 : Found opcode in column 1. (CLRF)
Warning[203] C:\MIS DOCUMENTOS\PICPROGRAMAS\2.ASM 21 : Found opcode in column 1. (BSF)
Warning[203] C:\MIS DOCUMENTOS\PICPROGRAMAS\2.ASM 23 : Found opcode in column 1. (RLF)
Warning[203] C:\MIS DOCUMENTOS\PICPROGRAMAS\2.ASM 24 : Found opcode in column 1. (GOTO)
Warning[203] C:\MIS DOCUMENTOS\PICPROGRAMAS\2.ASM 29 : Found opcode in column 1. (MOVWF)
Warning[203] C:\MIS DOCUMENTOS\PICPROGRAMAS\2.ASM 31 : Found opcode in column 1. (DECFSZ)
Warning[203] C:\MIS DOCUMENTOS\PICPROGRAMAS\2.ASM 32 : Found opcode in column 1. (GOTO)
Warning[203] C:\MIS DOCUMENTOS\PICPROGRAMAS\2.ASM 33 : Found opcode in column 1. (RETURN)
Warning[203] C:\MIS DOCUMENTOS\PICPROGRAMAS\2.ASM 40 : Found opcode in column 1. (MOVWF)
Warning[203] C:\MIS DOCUMENTOS\PICPROGRAMAS\2.ASM 42 : Found opcode in column 1. (MOVWF)
Warning[203] C:\MIS DOCUMENTOS\PICPROGRAMAS\2.ASM 44 : Found opcode in column 1. (GOTO)
Warning[203] C:\MIS DOCUMENTOS\PICPROGRAMAS\2.ASM 45 : Found opcode in column 1. (DECFSZ)
Warning[203] C:\MIS DOCUMENTOS\PICPROGRAMAS\2.ASM 46 : Found opcode in column 1. (GOTO)
Warning[205] C:\MIS DOCUMENTOS\PICPROGRAMAS\2.ASM 49 : Found directive in column 1. (end)
