Warning[205] C:\MIS DOCUMENTOS\PICPROGRAMAS\DT.ASM 5 : Found directive in column 1. (list)
Warning[205] C:\MIS DOCUMENTOS\PICPROGRAMAS\DT.ASM 6 : Found directive in column 1. (Include)
Warning[205] C:\MIS DOCUMENTOS\PICPROGRAMAS\DT.ASM 9 : Found directive in column 1. (org)
Warning[203] C:\MIS DOCUMENTOS\PICPROGRAMAS\DT.ASM 11 : Found opcode in column 1. (BCF)
Message[302] C:\MIS DOCUMENTOS\PICPROGRAMAS\DT.ASM 11 : Register in operand not in bank 0.  Ensure that bank bits are correct.
Warning[203] C:\MIS DOCUMENTOS\PICPROGRAMAS\DT.ASM 12 : Found opcode in column 1. (MOVLW)
Warning[203] C:\MIS DOCUMENTOS\PICPROGRAMAS\DT.ASM 13 : Found opcode in column 1. (MOVWF)
Message[302] C:\MIS DOCUMENTOS\PICPROGRAMAS\DT.ASM 13 : Register in operand not in bank 0.  Ensure that bank bits are correct.
Warning[203] C:\MIS DOCUMENTOS\PICPROGRAMAS\DT.ASM 14 : Found opcode in column 1. (BCF)
Message[302] C:\MIS DOCUMENTOS\PICPROGRAMAS\DT.ASM 14 : Register in operand not in bank 0.  Ensure that bank bits are correct.
Warning[203] C:\MIS DOCUMENTOS\PICPROGRAMAS\DT.ASM 15 : Found opcode in column 1. (BSF)
Message[302] C:\MIS DOCUMENTOS\PICPROGRAMAS\DT.ASM 15 : Register in operand not in bank 0.  Ensure that bank bits are correct.
Warning[203] C:\MIS DOCUMENTOS\PICPROGRAMAS\DT.ASM 16 : Found opcode in column 1. (BCF)
Warning[203] C:\MIS DOCUMENTOS\PICPROGRAMAS\DT.ASM 17 : Found opcode in column 1. (BSF)
Warning[203] C:\MIS DOCUMENTOS\PICPROGRAMAS\DT.ASM 20 : Found opcode in column 1. (MOVWF)
Warning[203] C:\MIS DOCUMENTOS\PICPROGRAMAS\DT.ASM 21 : Found opcode in column 1. (SUBLW)
Warning[203] C:\MIS DOCUMENTOS\PICPROGRAMAS\DT.ASM 22 : Found opcode in column 1. (BTFSC)
Warning[203] C:\MIS DOCUMENTOS\PICPROGRAMAS\DT.ASM 23 : Found opcode in column 1. (GOTO)
Warning[203] C:\MIS DOCUMENTOS\PICPROGRAMAS\DT.ASM 24 : Found opcode in column 1. (CALL)
Warning[203] C:\MIS DOCUMENTOS\PICPROGRAMAS\DT.ASM 25 : Found opcode in column 1. (INCF)
Warning[203] C:\MIS DOCUMENTOS\PICPROGRAMAS\DT.ASM 26 : Found opcode in column 1. (GOTO)
Warning[203] C:\MIS DOCUMENTOS\PICPROGRAMAS\DT.ASM 31 : Found opcode in column 1. (BCF)
Warning[203] C:\MIS DOCUMENTOS\PICPROGRAMAS\DT.ASM 32 : Found opcode in column 1. (MOVF)
Warning[203] C:\MIS DOCUMENTOS\PICPROGRAMAS\DT.ASM 33 : Found opcode in column 1. (MOVWF)
Warning[203] C:\MIS DOCUMENTOS\PICPROGRAMAS\DT.ASM 34 : Found opcode in column 1. (RETURN)
Warning[203] C:\MIS DOCUMENTOS\PICPROGRAMAS\DT.ASM 36 : Found opcode in column 1. (MOVF)
Warning[203] C:\MIS DOCUMENTOS\PICPROGRAMAS\DT.ASM 37 : Found opcode in column 1. (ADDWF)
Warning[205] C:\MIS DOCUMENTOS\PICPROGRAMAS\DT.ASM 38 : Found directive in column 1. (DT)
Warning[205] C:\MIS DOCUMENTOS\PICPROGRAMAS\DT.ASM 39 : Found directive in column 1. (end)
