MPASM 03.90 Released                           FINALSERIE.ASM   3-3-2002  19:32:18         PAGE  1


LOC  OBJECT CODE     LINE SOURCE TEXT
  VALUE

                      00001 ;************************************************************************
                      00002 ;* Este programa realiza la conversión de una señal analógica conectada *
                      00003 ;* al canal AN0 y envía a través del puerto serie el resultado de la *
                      00004 ;* conversión en forma de 4 dígitos hexadecimales. *
                      00005 ;************************************************************************
                      00006 ;
                      00007 ;
  0016F877            00008 p=16f877
Warning[205]: Found directive in column 1. (Include)
                      00009 Include <p16F877.inc>
                      00001         LIST
                      00002 ; P16F877.INC  Standard Header File, Version 1.00    Microchip Technology, Inc.
                      00373         LIST
  00000020            00010 cont EQU 0x20
  00000010            00011 sensor EQU 0X10
  00000011            00012 aux1 EQU 0x11
  00000012            00013 aux2 EQU 0x12
  00000013            00014 aux3 EQU 0x13
  00000022            00015 msnib EQU 0x22
  00000023            00016 lsnib EQU 0x23
  00000003            00017 STATUS EQU 0x03
  0000009F            00018 ADCON1 EQU 0x9f
  0000001F            00019 ADCON0 EQU 0x1f
  00000005            00020 PORTA EQU 0x05
  00000085            00021 TRISA EQU 0X85
  0000001E            00022 ADRESH EQU 0x1e
  0000009E            00023 ADRESL EQU 0x9e
  00000098            00024 TXSTA EQU 0x98
  00000018            00025 RCSTA EQU 0x18
  00000002            00026 PCL EQU 0x02
  00000019            00027 TXREG EQU 0x19
  00000099            00028 SPBRG EQU 0x99
Warning[205]: Found directive in column 1. (org)
0000                  00029 org 0x0000
0000   2047           00030 inic CALL initrans ;inicializa el puerto serie para transmisión
Warning[203]: Found opcode in column 1. (CLRF)
0001   0190           00031 CLRF sensor
Warning[203]: Found opcode in column 1. (BSF)
0002   1683           00032 BSF STATUS,5 ;Banco 1 RP0
Warning[203]: Found opcode in column 1. (CLRF)
Message[302]: Register in operand not in bank 0.  Ensure that bank bits are correct.
0003   019F           00033 CLRF ADCON1 ;configura 8 canales analógicos, VREF+=VDD y VREF-=VSS
Warning[203]: Found opcode in column 1. (BSF)
Message[302]: Register in operand not in bank 0.  Ensure that bank bits are correct.
0004   179F           00034 BSF ADCON1,7 ;Elije resultado con justificación a la derecha ADFM
Warning[203]: Found opcode in column 1. (CLRF)
Message[302]: Register in operand not in bank 0.  Ensure that bank bits are correct.
0005   0185           00035 CLRF TRISA ;configura como entradas
Warning[203]: Found opcode in column 1. (CLRF)
Message[302]: Register in operand not in bank 0.  Ensure that bank bits are correct.
0006   0189           00036 CLRF TRISE
0007   1283           00037 ciclo BCF STATUS,5 ;Banco 0
Warning[203]: Found opcode in column 1. (RLF)
MPASM 03.90 Released                           FINALSERIE.ASM   3-3-2002  19:32:18         PAGE  2


LOC  OBJECT CODE     LINE SOURCE TEXT
  VALUE

0008   0D10           00038 RLF sensor,0
Warning[203]: Found opcode in column 1. (MOVWF)
0009   0091           00039 MOVWF aux1
Warning[203]: Found opcode in column 1. (RLF)
000A   0D91           00040 RLF aux1,1
Warning[203]: Found opcode in column 1. (RLF)
000B   0D91           00041 RLF aux1,1
Warning[203]: Found opcode in column 1. (MOVLW)
000C   3001           00042 MOVLW 0x01
Warning[203]: Found opcode in column 1. (IORWF)
000D   0411           00043 IORWF aux1,0 ;Selecciona el canal ANx, reloj de conversión Fosc/2
Warning[203]: Found opcode in column 1. (MOVWF)
000E   009F           00044 MOVWF ADCON0 ;y enciende el convertidor
Warning[203]: Found opcode in column 1. (CALL)
000F   2042           00045 CALL pausa ;espera 30 µseg a que pase el tiempo de adquisición
Warning[203]: Found opcode in column 1. (BSF)
0010   151F           00046 BSF ADCON0,2 ;inicia conversión GO/DONE
0011   191F           00047 espera BTFSC ADCON0,2
Warning[203]: Found opcode in column 1. (GOTO)
0012   2811           00048 GOTO espera ;Espera a que termine la conversión
Warning[203]: Found opcode in column 1. (MOVLW)
0013   3024           00049 MOVLW 0x24 ;carga $
Warning[203]: Found opcode in column 1. (CALL)
0014   2051           00050 CALL envia ;lo envía
Warning[203]: Found opcode in column 1. (MOVLW)
0015   3030           00051 MOVLW 0x30
Warning[203]: Found opcode in column 1. (ADDWF)
0016   0710           00052 ADDWF sensor,0
Warning[203]: Found opcode in column 1. (CALL)
0017   2051           00053 CALL envia
Warning[203]: Found opcode in column 1. (MOVF)
0018   081E           00054 MOVF ADRESH,W ;Carga en W el Byte alto del resultado
Warning[203]: Found opcode in column 1. (CALL)
0019   2024           00055 CALL Envbyte ;envía el byte por el puerto serie
Warning[203]: Found opcode in column 1. (BSF)
001A   1683           00056 BSF STATUS,5 ;banco 1
Warning[203]: Found opcode in column 1. (MOVF)
Message[302]: Register in operand not in bank 0.  Ensure that bank bits are correct.
001B   081E           00057 MOVF ADRESL,W ;Carga en W el Byte bajo del resultado
Warning[203]: Found opcode in column 1. (CALL)
001C   2024           00058 CALL Envbyte ;envía el byte por el puerto serie
Warning[203]: Found opcode in column 1. (INCF)
001D   0A90           00059 INCF sensor,1
Warning[203]: Found opcode in column 1. (MOVLW)
001E   3000           00060 MOVLW 0X00
Warning[203]: Found opcode in column 1. (ADDWF)
001F   0710           00061 ADDWF sensor,0
Warning[203]: Found opcode in column 1. (SUBLW)
0020   3C08           00062 SUBLW 0X08
Warning[203]: Found opcode in column 1. (BTFSC)
0021   1903           00063 BTFSC STATUS,Z
Warning[203]: Found opcode in column 1. (CLRF)
0022   0190           00064 CLRF sensor
MPASM 03.90 Released                           FINALSERIE.ASM   3-3-2002  19:32:18         PAGE  3


LOC  OBJECT CODE     LINE SOURCE TEXT
  VALUE

Warning[203]: Found opcode in column 1. (GOTO)
0023   2807           00065 GOTO ciclo
                      00066 ;***************************************************************
                      00067 ; Subrutina que envía el byte en W por el puerto serie, separado
                      00068 ; en los códigos ASCII de sus dos nibbles hexadecimales
                      00069 ;***************************************************************
                      00070 ;
0024                  00071 Envbyte:
Warning[203]: Found opcode in column 1. (MOVWF)
0024   00A2           00072 MOVWF msnib ;pone byte en msnib
Warning[203]: Found opcode in column 1. (MOVWF)
0025   00A3           00073 MOVWF lsnib ;y una copia en lsnib
Warning[203]: Found opcode in column 1. (SWAPF)
0026   0EA2           00074 SWAPF msnib,1 ;intercambia nibbles en lsnib
Warning[203]: Found opcode in column 1. (MOVLW)
0027   300F           00075 MOVLW 0x0F ;máscara para limpiar el nibble alto
Warning[203]: Found opcode in column 1. (ANDWF)
0028   05A2           00076 ANDWF msnib,1 ;limpia parte alta de msnib
Warning[203]: Found opcode in column 1. (ANDWF)
0029   05A3           00077 ANDWF lsnib,1 ;limpia parte alta de lsnib
Warning[203]: Found opcode in column 1. (MOVF)
002A   0822           00078 MOVF msnib,W ;carga msnib en W
Warning[203]: Found opcode in column 1. (CALL)
002B   2031           00079 CALL asc ;obtiene código ASCII equivalente
Warning[203]: Found opcode in column 1. (CALL)
002C   2051           00080 CALL envia ;lo envía por el puerto serie
Warning[203]: Found opcode in column 1. (MOVF)
002D   0823           00081 MOVF lsnib,W ;carga lsnib en W
Warning[203]: Found opcode in column 1. (CALL)
002E   2031           00082 CALL asc ;obtiene código ASCII equivalente
Warning[203]: Found opcode in column 1. (CALL)
002F   2051           00083 CALL envia ;lo envía por el puerto serie
Warning[203]: Found opcode in column 1. (RETURN)
0030   0008           00084 RETURN
0031   0782           00085 asc ADDWF PCL,1 ;Calcula el código a retornar
                      00086 ;Saltando W instrucciones adelante
Warning[205]: Found directive in column 1. (DT)
0032   3430 3431 3432 00087 DT "0123456789ABCDEF"
       3433 3434 3435 
       3436 3437 3438 
       3439 3441 3442 
       3443 3444 3445 
       3446 
                      00088 ;
                      00089 ;************************************************************
                      00090 ; Subrutina de pausa de aprox. 30 µseg (con Fosc=4 MHZ)
                      00091 ;************************************************************
0042   3023           00092 pausa MOVLW 0x23 ;Carga dato para 30 µseg.
Warning[203]: Found opcode in column 1. (MOVWF)
0043   00A0           00093 MOVWF cont ;inicializa contador con el dato
0044   0BA0           00094 rep DECFSZ cont,1 ;Decrementa contador y escapa si cero
Warning[203]: Found opcode in column 1. (GOTO)
0045   2844           00095 GOTO rep ;si no es cero, repite
MPASM 03.90 Released                           FINALSERIE.ASM   3-3-2002  19:32:18         PAGE  4


LOC  OBJECT CODE     LINE SOURCE TEXT
  VALUE

0046   0008           00096 esc RETURN ;regresa de esta subrutina
                      00097 ;
                      00098 ;****************************************************************
                      00099 ;Subrutina para inicializar el puerto serie USART como transmisor
                      00100 ;a 9600 Bauds, considerando un cristal de reloj de 14.7456 MHZ
                      00101 ;****************************************************************
0047                  00102 initrans:
Warning[203]: Found opcode in column 1. (BCF)
0047   1303           00103 BCF STATUS,6 ;RP1=6
Warning[203]: Found opcode in column 1. (BSF)
0048   1683           00104 BSF STATUS,5 ;banco 1
Warning[203]: Found opcode in column 1. (BCF)
Message[302]: Register in operand not in bank 0.  Ensure that bank bits are correct.
0049   1118           00105 BCF TXSTA,2 ;pone bit BRGH=0 (velocidad baja)
Warning[203]: Found opcode in column 1. (MOVLW)
004A   3019           00106 MOVLW 0x19 ;valor para 9600 Bauds (Fosc=4 Mhz) SPBRG=6.....5.51
Warning[203]: Found opcode in column 1. (MOVWF)
Message[302]: Register in operand not in bank 0.  Ensure that bank bits are correct.
004B   0099           00107 MOVWF SPBRG ;configura 9600 Bauds
Warning[203]: Found opcode in column 1. (BCF)
Message[302]: Register in operand not in bank 0.  Ensure that bank bits are correct.
004C   1218           00108 BCF TXSTA,4 ;limpia bit SYNC (modo asíncrono)
Warning[203]: Found opcode in column 1. (BSF)
Message[302]: Register in operand not in bank 0.  Ensure that bank bits are correct.
004D   1698           00109 BSF TXSTA,5 ;pone bit TXEN=1 (habilita transmisión)
Warning[203]: Found opcode in column 1. (BCF)
004E   1283           00110 BCF STATUS,5 ;regresa al banco 0
Warning[203]: Found opcode in column 1. (BSF)
004F   1798           00111 BSF RCSTA,7 ;pone bit SPEN=1 (habilita puerto serie)
Warning[203]: Found opcode in column 1. (RETURN)
0050   0008           00112 RETURN
                      00113 ;***************************************************************
                      00114 ;Subrutina para enviar el byte guardado en W por el puerto serie
                      00115 ;***************************************************************
                      00116 ;
0051   1683           00117 envia BSF STATUS,5 ;banco 1
Message[302]: Register in operand not in bank 0.  Ensure that bank bits are correct.
0052   1C98           00118 esp BTFSS TXSTA,1 ;checa si el buffer de transmisión TRMT
Warning[203]: Found opcode in column 1. (GOTO)
0053   2852           00119 GOTO esp ;si está ocupado espera
Warning[203]: Found opcode in column 1. (BCF)
0054   1283           00120 BCF STATUS,5 ;regresa al banco 0
Warning[203]: Found opcode in column 1. (MOVWF)
0055   0099           00121 MOVWF TXREG ;envía dato guardado en W
Warning[203]: Found opcode in column 1. (RETURN)
0056   0008           00122 RETURN
Warning[205]: Found directive in column 1. (end)
                      00123 end
MPASM 03.90 Released                           FINALSERIE.ASM   3-3-2002  19:32:18         PAGE  5


SYMBOL TABLE
  LABEL                             VALUE 

ACKDT                             00000005
ACKEN                             00000004
ACKSTAT                           00000006
ADCON0                            0000001F
ADCON1                            0000009F
ADCS0                             00000006
ADCS1                             00000007
ADDEN                             00000003
ADFM                              00000007
ADIE                              00000006
ADIF                              00000006
ADON                              00000000
ADRESH                            0000001E
ADRESL                            0000009E
BCLIE                             00000003
BCLIF                             00000003
BF                                00000000
BRGH                              00000002
C                                 00000000
CCP1CON                           00000017
CCP1IE                            00000002
CCP1IF                            00000002
CCP1M0                            00000000
CCP1M1                            00000001
CCP1M2                            00000002
CCP1M3                            00000003
CCP1X                             00000005
CCP1Y                             00000004
CCP2CON                           0000001D
CCP2IE                            00000000
CCP2IF                            00000000
CCP2M0                            00000000
CCP2M1                            00000001
CCP2M2                            00000002
CCP2M3                            00000003
CCP2X                             00000005
CCP2Y                             00000004
CCPR1H                            00000016
CCPR1L                            00000015
CCPR2H                            0000001C
CCPR2L                            0000001B
CHS0                              00000003
CHS1                              00000004
CHS2                              00000005
CKE                               00000006
CKP                               00000004
CREN                              00000004
CSRC                              00000007
D                                 00000005
DATA_ADDRESS                      00000005
DC                                00000001
D_A                               00000005
EEADR                             0000010D
MPASM 03.90 Released                           FINALSERIE.ASM   3-3-2002  19:32:18         PAGE  6


SYMBOL TABLE
  LABEL                             VALUE 

EEADRH                            0000010F
EECON1                            0000018C
EECON2                            0000018D
EEDATA                            0000010C
EEDATH                            0000010E
EEIE                              00000004
EEIF                              00000004
EEPGD                             00000007
Envbyte                           00000024
F                                 00000001
FERR                              00000002
FSR                               00000004
GCEN                              00000007
GIE                               00000007
GO                                00000002
GO_DONE                           00000002
I2C_DATA                          00000005
I2C_READ                          00000002
I2C_START                         00000003
I2C_STOP                          00000004
IBF                               00000007
IBOV                              00000005
INDF                              00000000
INTCON                            0000000B
INTE                              00000004
INTEDG                            00000006
INTF                              00000001
IRP                               00000007
NOT_A                             00000005
NOT_ADDRESS                       00000005
NOT_BO                            00000000
NOT_BOR                           00000000
NOT_DONE                          00000002
NOT_PD                            00000003
NOT_POR                           00000001
NOT_RBPU                          00000007
NOT_RC8                           00000006
NOT_T1SYNC                        00000002
NOT_TO                            00000004
NOT_TX8                           00000006
NOT_W                             00000002
NOT_WRITE                         00000002
OBF                               00000006
OERR                              00000001
OPTION_REG                        00000081
P                                 00000004
PCFG0                             00000000
PCFG1                             00000001
PCFG2                             00000002
PCFG3                             00000003
PCL                               00000002
PCLATH                            0000000A
PCON                              0000008E
MPASM 03.90 Released                           FINALSERIE.ASM   3-3-2002  19:32:18         PAGE  7


SYMBOL TABLE
  LABEL                             VALUE 

PEIE                              00000006
PEN                               00000002
PIE1                              0000008C
PIE2                              0000008D
PIR1                              0000000C
PIR2                              0000000D
PORTA                             00000005
PORTB                             00000006
PORTC                             00000007
PORTD                             00000008
PORTE                             00000009
PR2                               00000092
PS0                               00000000
PS1                               00000001
PS2                               00000002
PSA                               00000003
PSPIE                             00000007
PSPIF                             00000007
PSPMODE                           00000004
R                                 00000002
RBIE                              00000003
RBIF                              00000000
RC8_9                             00000006
RC9                               00000006
RCD8                              00000000
RCEN                              00000003
RCIE                              00000005
RCIF                              00000005
RCREG                             0000001A
RCSTA                             00000018
RD                                00000000
READ_WRITE                        00000002
RP0                               00000005
RP1                               00000006
RSEN                              00000001
RX9                               00000006
RX9D                              00000000
R_W                               00000002
S                                 00000003
SEN                               00000000
SMP                               00000007
SPBRG                             00000099
SPEN                              00000007
SREN                              00000005
SSPADD                            00000093
SSPBUF                            00000013
SSPCON                            00000014
SSPCON2                           00000091
SSPEN                             00000005
SSPIE                             00000003
SSPIF                             00000003
SSPM0                             00000000
SSPM1                             00000001
MPASM 03.90 Released                           FINALSERIE.ASM   3-3-2002  19:32:18         PAGE  8


SYMBOL TABLE
  LABEL                             VALUE 

SSPM2                             00000002
SSPM3                             00000003
SSPOV                             00000006
SSPSTAT                           00000094
STATUS                            00000003
SYNC                              00000004
T0CS                              00000005
T0IE                              00000005
T0IF                              00000002
T0SE                              00000004
T1CKPS0                           00000004
T1CKPS1                           00000005
T1CON                             00000010
T1INSYNC                          00000002
T1OSCEN                           00000003
T1SYNC                            00000002
T2CKPS0                           00000000
T2CKPS1                           00000001
T2CON                             00000012
TMR0                              00000001
TMR1CS                            00000001
TMR1H                             0000000F
TMR1IE                            00000000
TMR1IF                            00000000
TMR1L                             0000000E
TMR1ON                            00000000
TMR2                              00000011
TMR2IE                            00000001
TMR2IF                            00000001
TMR2ON                            00000002
TOUTPS0                           00000003
TOUTPS1                           00000004
TOUTPS2                           00000005
TOUTPS3                           00000006
TRISA                             00000085
TRISB                             00000086
TRISC                             00000087
TRISD                             00000088
TRISE                             00000089
TRISE0                            00000000
TRISE1                            00000001
TRISE2                            00000002
TRMT                              00000001
TX8_9                             00000006
TX9                               00000006
TX9D                              00000000
TXD8                              00000000
TXEN                              00000005
TXIE                              00000004
TXIF                              00000004
TXREG                             00000019
TXSTA                             00000098
UA                                00000001
MPASM 03.90 Released                           FINALSERIE.ASM   3-3-2002  19:32:18         PAGE  9


SYMBOL TABLE
  LABEL                             VALUE 

W                                 00000000
WCOL                              00000007
WR                                00000001
WREN                              00000002
WRERR                             00000003
Z                                 00000002
_BODEN_OFF                        00003FBF
_BODEN_ON                         00003FFF
_CPD_OFF                          00003FFF
_CPD_ON                           00003EFF
_CP_ALL                           00000FCF
_CP_HALF                          00001FDF
_CP_OFF                           00003FFF
_CP_UPPER_256                     00002FEF
_DEBUG_OFF                        00003FFF
_DEBUG_ON                         000037FF
_HS_OSC                           00003FFE
_LP_OSC                           00003FFC
_LVP_OFF                          00003F7F
_LVP_ON                           00003FFF
_PWRTE_OFF                        00003FFF
_PWRTE_ON                         00003FF7
_RC_OSC                           00003FFF
_WDT_OFF                          00003FFB
_WDT_ON                           00003FFF
_WRT_ENABLE_OFF                   00003DFF
_WRT_ENABLE_ON                    00003FFF
_XT_OSC                           00003FFD
__16F877                          00000001
asc                               00000031
aux1                              00000011
aux2                              00000012
aux3                              00000013
ciclo                             00000007
cont                              00000020
envia                             00000051
esc                               00000046
esp                               00000052
espera                            00000011
inic                              00000000
initrans                          00000047
lsnib                             00000023
msnib                             00000022
p                                 0016F877
pausa                             00000042
rep                               00000044
sensor                            00000010
MPASM 03.90 Released                           FINALSERIE.ASM   3-3-2002  19:32:18         PAGE 10


MEMORY USAGE MAP ('X' = Used,  '-' = Unused)


0000 : XXXXXXXXXXXXXXXX XXXXXXXXXXXXXXXX XXXXXXXXXXXXXXXX XXXXXXXXXXXXXXXX
0040 : XXXXXXXXXXXXXXXX XXXXXXX--------- ---------------- ----------------

All other memory blocks unused.

Program Memory Words Used:    87
Program Memory Words Free:  8105


Errors   :     0
Warnings :    66 reported,     0 suppressed
Messages :    10 reported,     0 suppressed

