Warning[205] C:\MIS DOCUMENTOS\PICPROGRAMAS\FINALSERIE.ASM 9 : Found directive in column 1. (Include)
Warning[205] C:\MIS DOCUMENTOS\PICPROGRAMAS\FINALSERIE.ASM 29 : Found directive in column 1. (org)
Warning[203] C:\MIS DOCUMENTOS\PICPROGRAMAS\FINALSERIE.ASM 31 : Found opcode in column 1. (CLRF)
Warning[203] C:\MIS DOCUMENTOS\PICPROGRAMAS\FINALSERIE.ASM 32 : Found opcode in column 1. (BSF)
Warning[203] C:\MIS DOCUMENTOS\PICPROGRAMAS\FINALSERIE.ASM 33 : Found opcode in column 1. (CLRF)
Message[302] C:\MIS DOCUMENTOS\PICPROGRAMAS\FINALSERIE.ASM 33 : Register in operand not in bank 0.  Ensure that bank bits are correct.
Warning[203] C:\MIS DOCUMENTOS\PICPROGRAMAS\FINALSERIE.ASM 34 : Found opcode in column 1. (BSF)
Message[302] C:\MIS DOCUMENTOS\PICPROGRAMAS\FINALSERIE.ASM 34 : Register in operand not in bank 0.  Ensure that bank bits are correct.
Warning[203] C:\MIS DOCUMENTOS\PICPROGRAMAS\FINALSERIE.ASM 35 : Found opcode in column 1. (CLRF)
Message[302] C:\MIS DOCUMENTOS\PICPROGRAMAS\FINALSERIE.ASM 35 : Register in operand not in bank 0.  Ensure that bank bits are correct.
Warning[203] C:\MIS DOCUMENTOS\PICPROGRAMAS\FINALSERIE.ASM 36 : Found opcode in column 1. (CLRF)
Message[302] C:\MIS DOCUMENTOS\PICPROGRAMAS\FINALSERIE.ASM 36 : Register in operand not in bank 0.  Ensure that bank bits are correct.
Warning[203] C:\MIS DOCUMENTOS\PICPROGRAMAS\FINALSERIE.ASM 38 : Found opcode in column 1. (RLF)
Warning[203] C:\MIS DOCUMENTOS\PICPROGRAMAS\FINALSERIE.ASM 39 : Found opcode in column 1. (MOVWF)
Warning[203] C:\MIS DOCUMENTOS\PICPROGRAMAS\FINALSERIE.ASM 40 : Found opcode in column 1. (RLF)
Warning[203] C:\MIS DOCUMENTOS\PICPROGRAMAS\FINALSERIE.ASM 41 : Found opcode in column 1. (RLF)
Warning[203] C:\MIS DOCUMENTOS\PICPROGRAMAS\FINALSERIE.ASM 42 : Found opcode in column 1. (MOVLW)
Warning[203] C:\MIS DOCUMENTOS\PICPROGRAMAS\FINALSERIE.ASM 43 : Found opcode in column 1. (IORWF)
Warning[203] C:\MIS DOCUMENTOS\PICPROGRAMAS\FINALSERIE.ASM 44 : Found opcode in column 1. (MOVWF)
Warning[203] C:\MIS DOCUMENTOS\PICPROGRAMAS\FINALSERIE.ASM 45 : Found opcode in column 1. (CALL)
Warning[203] C:\MIS DOCUMENTOS\PICPROGRAMAS\FINALSERIE.ASM 46 : Found opcode in column 1. (BSF)
Warning[203] C:\MIS DOCUMENTOS\PICPROGRAMAS\FINALSERIE.ASM 48 : Found opcode in column 1. (GOTO)
Warning[203] C:\MIS DOCUMENTOS\PICPROGRAMAS\FINALSERIE.ASM 49 : Found opcode in column 1. (MOVLW)
Warning[203] C:\MIS DOCUMENTOS\PICPROGRAMAS\FINALSERIE.ASM 50 : Found opcode in column 1. (CALL)
Warning[203] C:\MIS DOCUMENTOS\PICPROGRAMAS\FINALSERIE.ASM 51 : Found opcode in column 1. (MOVLW)
Warning[203] C:\MIS DOCUMENTOS\PICPROGRAMAS\FINALSERIE.ASM 52 : Found opcode in column 1. (ADDWF)
Warning[203] C:\MIS DOCUMENTOS\PICPROGRAMAS\FINALSERIE.ASM 53 : Found opcode in column 1. (CALL)
Warning[203] C:\MIS DOCUMENTOS\PICPROGRAMAS\FINALSERIE.ASM 54 : Found opcode in column 1. (MOVF)
Warning[203] C:\MIS DOCUMENTOS\PICPROGRAMAS\FINALSERIE.ASM 55 : Found opcode in column 1. (CALL)
Warning[203] C:\MIS DOCUMENTOS\PICPROGRAMAS\FINALSERIE.ASM 56 : Found opcode in column 1. (BSF)
Warning[203] C:\MIS DOCUMENTOS\PICPROGRAMAS\FINALSERIE.ASM 57 : Found opcode in column 1. (MOVF)
Message[302] C:\MIS DOCUMENTOS\PICPROGRAMAS\FINALSERIE.ASM 57 : Register in operand not in bank 0.  Ensure that bank bits are correct.
Warning[203] C:\MIS DOCUMENTOS\PICPROGRAMAS\FINALSERIE.ASM 58 : Found opcode in column 1. (CALL)
Warning[203] C:\MIS DOCUMENTOS\PICPROGRAMAS\FINALSERIE.ASM 59 : Found opcode in column 1. (INCF)
Warning[203] C:\MIS DOCUMENTOS\PICPROGRAMAS\FINALSERIE.ASM 60 : Found opcode in column 1. (MOVLW)
Warning[203] C:\MIS DOCUMENTOS\PICPROGRAMAS\FINALSERIE.ASM 61 : Found opcode in column 1. (ADDWF)
Warning[203] C:\MIS DOCUMENTOS\PICPROGRAMAS\FINALSERIE.ASM 62 : Found opcode in column 1. (SUBLW)
Warning[203] C:\MIS DOCUMENTOS\PICPROGRAMAS\FINALSERIE.ASM 63 : Found opcode in column 1. (BTFSC)
Warning[203] C:\MIS DOCUMENTOS\PICPROGRAMAS\FINALSERIE.ASM 64 : Found opcode in column 1. (CLRF)
Warning[203] C:\MIS DOCUMENTOS\PICPROGRAMAS\FINALSERIE.ASM 65 : Found opcode in column 1. (GOTO)
Warning[203] C:\MIS DOCUMENTOS\PICPROGRAMAS\FINALSERIE.ASM 72 : Found opcode in column 1. (MOVWF)
Warning[203] C:\MIS DOCUMENTOS\PICPROGRAMAS\FINALSERIE.ASM 73 : Found opcode in column 1. (MOVWF)
Warning[203] C:\MIS DOCUMENTOS\PICPROGRAMAS\FINALSERIE.ASM 74 : Found opcode in column 1. (SWAPF)
Warning[203] C:\MIS DOCUMENTOS\PICPROGRAMAS\FINALSERIE.ASM 75 : Found opcode in column 1. (MOVLW)
Warning[203] C:\MIS DOCUMENTOS\PICPROGRAMAS\FINALSERIE.ASM 76 : Found opcode in column 1. (ANDWF)
Warning[203] C:\MIS DOCUMENTOS\PICPROGRAMAS\FINALSERIE.ASM 77 : Found opcode in column 1. (ANDWF)
Warning[203] C:\MIS DOCUMENTOS\PICPROGRAMAS\FINALSERIE.ASM 78 : Found opcode in column 1. (MOVF)
Warning[203] C:\MIS DOCUMENTOS\PICPROGRAMAS\FINALSERIE.ASM 79 : Found opcode in column 1. (CALL)
Warning[203] C:\MIS DOCUMENTOS\PICPROGRAMAS\FINALSERIE.ASM 80 : Found opcode in column 1. (CALL)
Warning[203] C:\MIS DOCUMENTOS\PICPROGRAMAS\FINALSERIE.ASM 81 : Found opcode in column 1. (MOVF)
Warning[203] C:\MIS DOCUMENTOS\PICPROGRAMAS\FINALSERIE.ASM 82 : Found opcode in column 1. (CALL)
Warning[203] C:\MIS DOCUMENTOS\PICPROGRAMAS\FINALSERIE.ASM 83 : Found opcode in column 1. (CALL)
Warning[203] C:\MIS DOCUMENTOS\PICPROGRAMAS\FINALSERIE.ASM 84 : Found opcode in column 1. (RETURN)
Warning[205] C:\MIS DOCUMENTOS\PICPROGRAMAS\FINALSERIE.ASM 87 : Found directive in column 1. (DT)
Warning[203] C:\MIS DOCUMENTOS\PICPROGRAMAS\FINALSERIE.ASM 93 : Found opcode in column 1. (MOVWF)
Warning[203] C:\MIS DOCUMENTOS\PICPROGRAMAS\FINALSERIE.ASM 95 : Found opcode in column 1. (GOTO)
Warning[203] C:\MIS DOCUMENTOS\PICPROGRAMAS\FINALSERIE.ASM 103 : Found opcode in column 1. (BCF)
Warning[203] C:\MIS DOCUMENTOS\PICPROGRAMAS\FINALSERIE.ASM 104 : Found opcode in column 1. (BSF)
Warning[203] C:\MIS DOCUMENTOS\PICPROGRAMAS\FINALSERIE.ASM 105 : Found opcode in column 1. (BCF)
Message[302] C:\MIS DOCUMENTOS\PICPROGRAMAS\FINALSERIE.ASM 105 : Register in operand not in bank 0.  Ensure that bank bits are correct.
Warning[203] C:\MIS DOCUMENTOS\PICPROGRAMAS\FINALSERIE.ASM 106 : Found opcode in column 1. (MOVLW)
Warning[203] C:\MIS DOCUMENTOS\PICPROGRAMAS\FINALSERIE.ASM 107 : Found opcode in column 1. (MOVWF)
Message[302] C:\MIS DOCUMENTOS\PICPROGRAMAS\FINALSERIE.ASM 107 : Register in operand not in bank 0.  Ensure that bank bits are correct.
Warning[203] C:\MIS DOCUMENTOS\PICPROGRAMAS\FINALSERIE.ASM 108 : Found opcode in column 1. (BCF)
Message[302] C:\MIS DOCUMENTOS\PICPROGRAMAS\FINALSERIE.ASM 108 : Register in operand not in bank 0.  Ensure that bank bits are correct.
Warning[203] C:\MIS DOCUMENTOS\PICPROGRAMAS\FINALSERIE.ASM 109 : Found opcode in column 1. (BSF)
Message[302] C:\MIS DOCUMENTOS\PICPROGRAMAS\FINALSERIE.ASM 109 : Register in operand not in bank 0.  Ensure that bank bits are correct.
Warning[203] C:\MIS DOCUMENTOS\PICPROGRAMAS\FINALSERIE.ASM 110 : Found opcode in column 1. (BCF)
Warning[203] C:\MIS DOCUMENTOS\PICPROGRAMAS\FINALSERIE.ASM 111 : Found opcode in column 1. (BSF)
Warning[203] C:\MIS DOCUMENTOS\PICPROGRAMAS\FINALSERIE.ASM 112 : Found opcode in column 1. (RETURN)
Message[302] C:\MIS DOCUMENTOS\PICPROGRAMAS\FINALSERIE.ASM 118 : Register in operand not in bank 0.  Ensure that bank bits are correct.
Warning[203] C:\MIS DOCUMENTOS\PICPROGRAMAS\FINALSERIE.ASM 119 : Found opcode in column 1. (GOTO)
Warning[203] C:\MIS DOCUMENTOS\PICPROGRAMAS\FINALSERIE.ASM 120 : Found opcode in column 1. (BCF)
Warning[203] C:\MIS DOCUMENTOS\PICPROGRAMAS\FINALSERIE.ASM 121 : Found opcode in column 1. (MOVWF)
Warning[203] C:\MIS DOCUMENTOS\PICPROGRAMAS\FINALSERIE.ASM 122 : Found opcode in column 1. (RETURN)
Warning[205] C:\MIS DOCUMENTOS\PICPROGRAMAS\FINALSERIE.ASM 123 : Found directive in column 1. (end)
