Warning[205] C:\MIS DOCUMENTOS\PICPROGRAMAS\RETLW.ASM 5 : Found directive in column 1. (list)
Warning[205] C:\MIS DOCUMENTOS\PICPROGRAMAS\RETLW.ASM 6 : Found directive in column 1. (Include)
Error[105]   C:\MIS DOCUMENTOS\PICPROGRAMAS\RETLW.ASM 6 : Cannot open file (Include File "p16f877.in" not found)
Warning[205] C:\MIS DOCUMENTOS\PICPROGRAMAS\RETLW.ASM 9 : Found directive in column 1. (org)
Error[113]   C:\MIS DOCUMENTOS\PICPROGRAMAS\RETLW.ASM 10 : Symbol not previously defined (STATUS)
Error[113]   C:\MIS DOCUMENTOS\PICPROGRAMAS\RETLW.ASM 10 : Symbol not previously defined (RP0)
Warning[203] C:\MIS DOCUMENTOS\PICPROGRAMAS\RETLW.ASM 11 : Found opcode in column 1. (BCF)
Error[113]   C:\MIS DOCUMENTOS\PICPROGRAMAS\RETLW.ASM 11 : Symbol not previously defined (TXSTA)
Error[113]   C:\MIS DOCUMENTOS\PICPROGRAMAS\RETLW.ASM 11 : Symbol not previously defined (BRGH)
Warning[203] C:\MIS DOCUMENTOS\PICPROGRAMAS\RETLW.ASM 12 : Found opcode in column 1. (MOVLW)
Warning[203] C:\MIS DOCUMENTOS\PICPROGRAMAS\RETLW.ASM 13 : Found opcode in column 1. (MOVWF)
Error[113]   C:\MIS DOCUMENTOS\PICPROGRAMAS\RETLW.ASM 13 : Symbol not previously defined (SPBRG)
Warning[203] C:\MIS DOCUMENTOS\PICPROGRAMAS\RETLW.ASM 14 : Found opcode in column 1. (BCF)
Error[113]   C:\MIS DOCUMENTOS\PICPROGRAMAS\RETLW.ASM 14 : Symbol not previously defined (TXSTA)
Error[113]   C:\MIS DOCUMENTOS\PICPROGRAMAS\RETLW.ASM 14 : Symbol not previously defined (SYNC)
Warning[203] C:\MIS DOCUMENTOS\PICPROGRAMAS\RETLW.ASM 15 : Found opcode in column 1. (BSF)
Error[113]   C:\MIS DOCUMENTOS\PICPROGRAMAS\RETLW.ASM 15 : Symbol not previously defined (TXSTA)
Error[113]   C:\MIS DOCUMENTOS\PICPROGRAMAS\RETLW.ASM 15 : Symbol not previously defined (TXEN)
Warning[203] C:\MIS DOCUMENTOS\PICPROGRAMAS\RETLW.ASM 16 : Found opcode in column 1. (BCF)
Error[113]   C:\MIS DOCUMENTOS\PICPROGRAMAS\RETLW.ASM 16 : Symbol not previously defined (STATUS)
Error[113]   C:\MIS DOCUMENTOS\PICPROGRAMAS\RETLW.ASM 16 : Symbol not previously defined (RP0)
Warning[203] C:\MIS DOCUMENTOS\PICPROGRAMAS\RETLW.ASM 17 : Found opcode in column 1. (BSF)
Error[113]   C:\MIS DOCUMENTOS\PICPROGRAMAS\RETLW.ASM 17 : Symbol not previously defined (RCSTA)
Error[113]   C:\MIS DOCUMENTOS\PICPROGRAMAS\RETLW.ASM 17 : Symbol not previously defined (SPEN)
Warning[203] C:\MIS DOCUMENTOS\PICPROGRAMAS\RETLW.ASM 20 : Found opcode in column 1. (MOVWF)
Warning[203] C:\MIS DOCUMENTOS\PICPROGRAMAS\RETLW.ASM 21 : Found opcode in column 1. (SUBLW)
Warning[203] C:\MIS DOCUMENTOS\PICPROGRAMAS\RETLW.ASM 22 : Found opcode in column 1. (BTFSC)
Error[113]   C:\MIS DOCUMENTOS\PICPROGRAMAS\RETLW.ASM 22 : Symbol not previously defined (STATUS)
Error[113]   C:\MIS DOCUMENTOS\PICPROGRAMAS\RETLW.ASM 22 : Symbol not previously defined (Z)
Warning[203] C:\MIS DOCUMENTOS\PICPROGRAMAS\RETLW.ASM 23 : Found opcode in column 1. (GOTO)
Warning[203] C:\MIS DOCUMENTOS\PICPROGRAMAS\RETLW.ASM 24 : Found opcode in column 1. (CALL)
Warning[203] C:\MIS DOCUMENTOS\PICPROGRAMAS\RETLW.ASM 25 : Found opcode in column 1. (INCF)
Warning[203] C:\MIS DOCUMENTOS\PICPROGRAMAS\RETLW.ASM 26 : Found opcode in column 1. (GOTO)
Error[113]   C:\MIS DOCUMENTOS\PICPROGRAMAS\RETLW.ASM 30 : Symbol not previously defined (STATUS)
Error[113]   C:\MIS DOCUMENTOS\PICPROGRAMAS\RETLW.ASM 30 : Symbol not previously defined (RP0)
Error[113]   C:\MIS DOCUMENTOS\PICPROGRAMAS\RETLW.ASM 31 : Symbol not previously defined (TXSTA)
Error[113]   C:\MIS DOCUMENTOS\PICPROGRAMAS\RETLW.ASM 31 : Symbol not previously defined (TRMT)
Warning[203] C:\MIS DOCUMENTOS\PICPROGRAMAS\RETLW.ASM 32 : Found opcode in column 1. (GOTO)
Warning[203] C:\MIS DOCUMENTOS\PICPROGRAMAS\RETLW.ASM 33 : Found opcode in column 1. (BCF)
Error[113]   C:\MIS DOCUMENTOS\PICPROGRAMAS\RETLW.ASM 33 : Symbol not previously defined (STATUS)
Error[113]   C:\MIS DOCUMENTOS\PICPROGRAMAS\RETLW.ASM 33 : Symbol not previously defined (RP0)
Warning[203] C:\MIS DOCUMENTOS\PICPROGRAMAS\RETLW.ASM 34 : Found opcode in column 1. (MOVF)
Warning[203] C:\MIS DOCUMENTOS\PICPROGRAMAS\RETLW.ASM 35 : Found opcode in column 1. (MOVWF)
Error[113]   C:\MIS DOCUMENTOS\PICPROGRAMAS\RETLW.ASM 35 : Symbol not previously defined (TXREG)
Warning[203] C:\MIS DOCUMENTOS\PICPROGRAMAS\RETLW.ASM 36 : Found opcode in column 1. (RETURN)
Warning[203] C:\MIS DOCUMENTOS\PICPROGRAMAS\RETLW.ASM 38 : Found opcode in column 1. (MOVF)
Warning[203] C:\MIS DOCUMENTOS\PICPROGRAMAS\RETLW.ASM 39 : Found opcode in column 1. (ADDWF)
Error[113]   C:\MIS DOCUMENTOS\PICPROGRAMAS\RETLW.ASM 39 : Symbol not previously defined (PCL)
Warning[205] C:\MIS DOCUMENTOS\PICPROGRAMAS\RETLW.ASM 40 : Found directive in column 1. (DT)
Warning[205] C:\MIS DOCUMENTOS\PICPROGRAMAS\RETLW.ASM 41 : Found directive in column 1. (end)
