MPASM 03.90 Released                               RETLW2.ASM   2-28-2002  22:50:53         PAGE  1


LOC  OBJECT CODE     LINE SOURCE TEXT
  VALUE

                      00001 ;************************************************************************
Warning[205]: Found directive in column 1. (list)
                      00002 list p=16f877
Warning[205]: Found directive in column 1. (Include)
                      00003 Include<p16f877.inc>
                      00001         LIST
                      00002 ; P16F877.INC  Standard Header File, Version 1.00    Microchip Technology, Inc.
                      00373         LIST
  00000020            00004 cont equ 0x20
Warning[205]: Found directive in column 1. (org)
0000                  00005 org 0x0000
0000   1683           00006 inic BSF STATUS,RP0 ;banco 1
Warning[203]: Found opcode in column 1. (MOVLW)
0001   3080           00007 MOVLW 0x80 ;Todos los bits del puerto C como salidas
Warning[203]: Found opcode in column 1. (MOVWF)
Message[302]: Register in operand not in bank 0.  Ensure that bank bits are correct.
0002   0087           00008 MOVWF TRISC ;y el MSB como entrada
Warning[203]: Found opcode in column 1. (BCF)
0003   1283           00009 BCF STATUS,RP0 ;regresa al Banco 0
Warning[203]: Found opcode in column 1. (MOVLW)
0004   3001           00010 MOVLW 0x01 ;
Warning[203]: Found opcode in column 1. (MOVWF)
0005   0087           00011 MOVWF PORTC ;Despliega un cero
Warning[203]: Found opcode in column 1. (CLRF)
0006   01A0           00012 CLRF cont ;Inicializa contador en cero
0007   1F87           00013 tecla BTFSS PORTC,7 ;checa botón
Warning[203]: Found opcode in column 1. (GOTO)
0008   2807           00014 GOTO tecla ;Si no se ha presionado espera
Warning[203]: Found opcode in column 1. (BTFSS)
0009   1F87           00015 BTFSS PORTC,7 ;checa nuevamente el botón
Warning[203]: Found opcode in column 1. (GOTO)
000A   2807           00016 GOTO tecla ;tecla falsa, espera de nuevo
Warning[203]: Found opcode in column 1. (INCF)
000B   0AA0           00017 INCF cont,1 ;tecla válida, incrementa contador
Warning[203]: Found opcode in column 1. (CALL)
000C   2011           00018 CALL codigo ;obtiene código para desplegar el contador
Warning[203]: Found opcode in column 1. (MOVWF)
000D   0087           00019 MOVWF PORTC ;despliega contador
000E   1B87           00020 suelt BTFSC PORTC,7 ;checa de nuevo el botón
Warning[203]: Found opcode in column 1. (GOTO)
000F   280E           00021 GOTO suelt ;si sigue presionado espera
Warning[203]: Found opcode in column 1. (GOTO)
0010   2807           00022 GOTO tecla ;si ya se soltó espera nueva presión.
0011                  00023 codigo:
Warning[203]: Found opcode in column 1. (MOVLW)
0011   300F           00024 MOVLW 0x0F ;carga máscara
Warning[203]: Found opcode in column 1. (ANDWF)
0012   0520           00025 ANDWF cont,0 ;enmascara el contador y lo deja en W
Warning[203]: Found opcode in column 1. (ADDWF)
0013   0782           00026 ADDWF PCL,1 ;Salta W instrucciones adelante
Warning[203]: Found opcode in column 1. (RETLW)
0014   3401           00027 RETLW 0x01 ;código del 0
Warning[203]: Found opcode in column 1. (RETLW)
MPASM 03.90 Released                               RETLW2.ASM   2-28-2002  22:50:53         PAGE  2


LOC  OBJECT CODE     LINE SOURCE TEXT
  VALUE

0015   344F           00028 RETLW 0x4F ;código del 1
Warning[203]: Found opcode in column 1. (RETLW)
0016   3412           00029 RETLW 0x12 ;código del 2
Warning[203]: Found opcode in column 1. (RETLW)
0017   3406           00030 RETLW 0x06 ;código del 3
Warning[203]: Found opcode in column 1. (RETLW)
0018   344C           00031 RETLW 0x4C ;código del 4
Warning[203]: Found opcode in column 1. (RETLW)
0019   3424           00032 RETLW 0x24 ;código del 5
Warning[203]: Found opcode in column 1. (RETLW)
001A   3420           00033 RETLW 0x20 ;código del 6
Warning[203]: Found opcode in column 1. (RETLW)
001B   340F           00034 RETLW 0x0F ;código del 7
Warning[203]: Found opcode in column 1. (RETLW)
001C   3400           00035 RETLW 0x00 ;código del 8
Warning[203]: Found opcode in column 1. (RETLW)
001D   3404           00036 RETLW 0x04 ;código del 9
Warning[203]: Found opcode in column 1. (RETLW)
001E   3408           00037 RETLW 0x08 ;código de la A
Warning[203]: Found opcode in column 1. (RETLW)
001F   3460           00038 RETLW 0x60 ;código de la b
Warning[203]: Found opcode in column 1. (RETLW)
0020   3431           00039 RETLW 0x31 ;código del c
Warning[203]: Found opcode in column 1. (RETLW)
0021   3442           00040 RETLW 0x42 ;código de la d
Warning[203]: Found opcode in column 1. (RETLW)
0022   3430           00041 RETLW 0x30 ;código de la e
Warning[203]: Found opcode in column 1. (RETLW)
0023   3438           00042 RETLW 0x38 ;código de la F
Warning[205]: Found directive in column 1. (end)
                      00043 end
MPASM 03.90 Released                               RETLW2.ASM   2-28-2002  22:50:53         PAGE  3


SYMBOL TABLE
  LABEL                             VALUE 

ACKDT                             00000005
ACKEN                             00000004
ACKSTAT                           00000006
ADCON0                            0000001F
ADCON1                            0000009F
ADCS0                             00000006
ADCS1                             00000007
ADDEN                             00000003
ADFM                              00000007
ADIE                              00000006
ADIF                              00000006
ADON                              00000000
ADRESH                            0000001E
ADRESL                            0000009E
BCLIE                             00000003
BCLIF                             00000003
BF                                00000000
BRGH                              00000002
C                                 00000000
CCP1CON                           00000017
CCP1IE                            00000002
CCP1IF                            00000002
CCP1M0                            00000000
CCP1M1                            00000001
CCP1M2                            00000002
CCP1M3                            00000003
CCP1X                             00000005
CCP1Y                             00000004
CCP2CON                           0000001D
CCP2IE                            00000000
CCP2IF                            00000000
CCP2M0                            00000000
CCP2M1                            00000001
CCP2M2                            00000002
CCP2M3                            00000003
CCP2X                             00000005
CCP2Y                             00000004
CCPR1H                            00000016
CCPR1L                            00000015
CCPR2H                            0000001C
CCPR2L                            0000001B
CHS0                              00000003
CHS1                              00000004
CHS2                              00000005
CKE                               00000006
CKP                               00000004
CREN                              00000004
CSRC                              00000007
D                                 00000005
DATA_ADDRESS                      00000005
DC                                00000001
D_A                               00000005
EEADR                             0000010D
MPASM 03.90 Released                               RETLW2.ASM   2-28-2002  22:50:53         PAGE  4


SYMBOL TABLE
  LABEL                             VALUE 

EEADRH                            0000010F
EECON1                            0000018C
EECON2                            0000018D
EEDATA                            0000010C
EEDATH                            0000010E
EEIE                              00000004
EEIF                              00000004
EEPGD                             00000007
F                                 00000001
FERR                              00000002
FSR                               00000004
GCEN                              00000007
GIE                               00000007
GO                                00000002
GO_DONE                           00000002
I2C_DATA                          00000005
I2C_READ                          00000002
I2C_START                         00000003
I2C_STOP                          00000004
IBF                               00000007
IBOV                              00000005
INDF                              00000000
INTCON                            0000000B
INTE                              00000004
INTEDG                            00000006
INTF                              00000001
IRP                               00000007
NOT_A                             00000005
NOT_ADDRESS                       00000005
NOT_BO                            00000000
NOT_BOR                           00000000
NOT_DONE                          00000002
NOT_PD                            00000003
NOT_POR                           00000001
NOT_RBPU                          00000007
NOT_RC8                           00000006
NOT_T1SYNC                        00000002
NOT_TO                            00000004
NOT_TX8                           00000006
NOT_W                             00000002
NOT_WRITE                         00000002
OBF                               00000006
OERR                              00000001
OPTION_REG                        00000081
P                                 00000004
PCFG0                             00000000
PCFG1                             00000001
PCFG2                             00000002
PCFG3                             00000003
PCL                               00000002
PCLATH                            0000000A
PCON                              0000008E
PEIE                              00000006
MPASM 03.90 Released                               RETLW2.ASM   2-28-2002  22:50:53         PAGE  5


SYMBOL TABLE
  LABEL                             VALUE 

PEN                               00000002
PIE1                              0000008C
PIE2                              0000008D
PIR1                              0000000C
PIR2                              0000000D
PORTA                             00000005
PORTB                             00000006
PORTC                             00000007
PORTD                             00000008
PORTE                             00000009
PR2                               00000092
PS0                               00000000
PS1                               00000001
PS2                               00000002
PSA                               00000003
PSPIE                             00000007
PSPIF                             00000007
PSPMODE                           00000004
R                                 00000002
RBIE                              00000003
RBIF                              00000000
RC8_9                             00000006
RC9                               00000006
RCD8                              00000000
RCEN                              00000003
RCIE                              00000005
RCIF                              00000005
RCREG                             0000001A
RCSTA                             00000018
RD                                00000000
READ_WRITE                        00000002
RP0                               00000005
RP1                               00000006
RSEN                              00000001
RX9                               00000006
RX9D                              00000000
R_W                               00000002
S                                 00000003
SEN                               00000000
SMP                               00000007
SPBRG                             00000099
SPEN                              00000007
SREN                              00000005
SSPADD                            00000093
SSPBUF                            00000013
SSPCON                            00000014
SSPCON2                           00000091
SSPEN                             00000005
SSPIE                             00000003
SSPIF                             00000003
SSPM0                             00000000
SSPM1                             00000001
SSPM2                             00000002
MPASM 03.90 Released                               RETLW2.ASM   2-28-2002  22:50:53         PAGE  6


SYMBOL TABLE
  LABEL                             VALUE 

SSPM3                             00000003
SSPOV                             00000006
SSPSTAT                           00000094
STATUS                            00000003
SYNC                              00000004
T0CS                              00000005
T0IE                              00000005
T0IF                              00000002
T0SE                              00000004
T1CKPS0                           00000004
T1CKPS1                           00000005
T1CON                             00000010
T1INSYNC                          00000002
T1OSCEN                           00000003
T1SYNC                            00000002
T2CKPS0                           00000000
T2CKPS1                           00000001
T2CON                             00000012
TMR0                              00000001
TMR1CS                            00000001
TMR1H                             0000000F
TMR1IE                            00000000
TMR1IF                            00000000
TMR1L                             0000000E
TMR1ON                            00000000
TMR2                              00000011
TMR2IE                            00000001
TMR2IF                            00000001
TMR2ON                            00000002
TOUTPS0                           00000003
TOUTPS1                           00000004
TOUTPS2                           00000005
TOUTPS3                           00000006
TRISA                             00000085
TRISB                             00000086
TRISC                             00000087
TRISD                             00000088
TRISE                             00000089
TRISE0                            00000000
TRISE1                            00000001
TRISE2                            00000002
TRMT                              00000001
TX8_9                             00000006
TX9                               00000006
TX9D                              00000000
TXD8                              00000000
TXEN                              00000005
TXIE                              00000004
TXIF                              00000004
TXREG                             00000019
TXSTA                             00000098
UA                                00000001
W                                 00000000
MPASM 03.90 Released                               RETLW2.ASM   2-28-2002  22:50:53         PAGE  7


SYMBOL TABLE
  LABEL                             VALUE 

WCOL                              00000007
WR                                00000001
WREN                              00000002
WRERR                             00000003
Z                                 00000002
_BODEN_OFF                        00003FBF
_BODEN_ON                         00003FFF
_CPD_OFF                          00003FFF
_CPD_ON                           00003EFF
_CP_ALL                           00000FCF
_CP_HALF                          00001FDF
_CP_OFF                           00003FFF
_CP_UPPER_256                     00002FEF
_DEBUG_OFF                        00003FFF
_DEBUG_ON                         000037FF
_HS_OSC                           00003FFE
_LP_OSC                           00003FFC
_LVP_OFF                          00003F7F
_LVP_ON                           00003FFF
_PWRTE_OFF                        00003FFF
_PWRTE_ON                         00003FF7
_RC_OSC                           00003FFF
_WDT_OFF                          00003FFB
_WDT_ON                           00003FFF
_WRT_ENABLE_OFF                   00003DFF
_WRT_ENABLE_ON                    00003FFF
_XT_OSC                           00003FFD
__16F877                          00000001
codigo                            00000011
cont                              00000020
inic                              00000000
suelt                             0000000E
tecla                             00000007


MEMORY USAGE MAP ('X' = Used,  '-' = Unused)

0000 : XXXXXXXXXXXXXXXX XXXXXXXXXXXXXXXX XXXX------------ ----------------

All other memory blocks unused.

Program Memory Words Used:    36
Program Memory Words Free:  8156


Errors   :     0
Warnings :    37 reported,     0 suppressed
Messages :     1 reported,     0 suppressed

