Warning[205] C:\MIS DOCUMENTOS\PICPROGRAMAS\RETLW2.ASM 2 : Found directive in column 1. (list)
Warning[205] C:\MIS DOCUMENTOS\PICPROGRAMAS\RETLW2.ASM 3 : Found directive in column 1. (Include)
Warning[205] C:\MIS DOCUMENTOS\PICPROGRAMAS\RETLW2.ASM 5 : Found directive in column 1. (org)
Warning[203] C:\MIS DOCUMENTOS\PICPROGRAMAS\RETLW2.ASM 7 : Found opcode in column 1. (MOVLW)
Warning[203] C:\MIS DOCUMENTOS\PICPROGRAMAS\RETLW2.ASM 8 : Found opcode in column 1. (MOVWF)
Message[302] C:\MIS DOCUMENTOS\PICPROGRAMAS\RETLW2.ASM 8 : Register in operand not in bank 0.  Ensure that bank bits are correct.
Warning[203] C:\MIS DOCUMENTOS\PICPROGRAMAS\RETLW2.ASM 9 : Found opcode in column 1. (BCF)
Warning[203] C:\MIS DOCUMENTOS\PICPROGRAMAS\RETLW2.ASM 10 : Found opcode in column 1. (MOVLW)
Warning[203] C:\MIS DOCUMENTOS\PICPROGRAMAS\RETLW2.ASM 11 : Found opcode in column 1. (MOVWF)
Warning[203] C:\MIS DOCUMENTOS\PICPROGRAMAS\RETLW2.ASM 12 : Found opcode in column 1. (CLRF)
Warning[203] C:\MIS DOCUMENTOS\PICPROGRAMAS\RETLW2.ASM 14 : Found opcode in column 1. (GOTO)
Warning[203] C:\MIS DOCUMENTOS\PICPROGRAMAS\RETLW2.ASM 15 : Found opcode in column 1. (BTFSS)
Warning[203] C:\MIS DOCUMENTOS\PICPROGRAMAS\RETLW2.ASM 16 : Found opcode in column 1. (GOTO)
Warning[203] C:\MIS DOCUMENTOS\PICPROGRAMAS\RETLW2.ASM 17 : Found opcode in column 1. (INCF)
Warning[203] C:\MIS DOCUMENTOS\PICPROGRAMAS\RETLW2.ASM 18 : Found opcode in column 1. (CALL)
Warning[203] C:\MIS DOCUMENTOS\PICPROGRAMAS\RETLW2.ASM 19 : Found opcode in column 1. (MOVWF)
Warning[203] C:\MIS DOCUMENTOS\PICPROGRAMAS\RETLW2.ASM 21 : Found opcode in column 1. (GOTO)
Warning[203] C:\MIS DOCUMENTOS\PICPROGRAMAS\RETLW2.ASM 22 : Found opcode in column 1. (GOTO)
Warning[203] C:\MIS DOCUMENTOS\PICPROGRAMAS\RETLW2.ASM 24 : Found opcode in column 1. (MOVLW)
Warning[203] C:\MIS DOCUMENTOS\PICPROGRAMAS\RETLW2.ASM 25 : Found opcode in column 1. (ANDWF)
Warning[203] C:\MIS DOCUMENTOS\PICPROGRAMAS\RETLW2.ASM 26 : Found opcode in column 1. (ADDWF)
Warning[203] C:\MIS DOCUMENTOS\PICPROGRAMAS\RETLW2.ASM 27 : Found opcode in column 1. (RETLW)
Warning[203] C:\MIS DOCUMENTOS\PICPROGRAMAS\RETLW2.ASM 28 : Found opcode in column 1. (RETLW)
Warning[203] C:\MIS DOCUMENTOS\PICPROGRAMAS\RETLW2.ASM 29 : Found opcode in column 1. (RETLW)
Warning[203] C:\MIS DOCUMENTOS\PICPROGRAMAS\RETLW2.ASM 30 : Found opcode in column 1. (RETLW)
Warning[203] C:\MIS DOCUMENTOS\PICPROGRAMAS\RETLW2.ASM 31 : Found opcode in column 1. (RETLW)
Warning[203] C:\MIS DOCUMENTOS\PICPROGRAMAS\RETLW2.ASM 32 : Found opcode in column 1. (RETLW)
Warning[203] C:\MIS DOCUMENTOS\PICPROGRAMAS\RETLW2.ASM 33 : Found opcode in column 1. (RETLW)
Warning[203] C:\MIS DOCUMENTOS\PICPROGRAMAS\RETLW2.ASM 34 : Found opcode in column 1. (RETLW)
Warning[203] C:\MIS DOCUMENTOS\PICPROGRAMAS\RETLW2.ASM 35 : Found opcode in column 1. (RETLW)
Warning[203] C:\MIS DOCUMENTOS\PICPROGRAMAS\RETLW2.ASM 36 : Found opcode in column 1. (RETLW)
Warning[203] C:\MIS DOCUMENTOS\PICPROGRAMAS\RETLW2.ASM 37 : Found opcode in column 1. (RETLW)
Warning[203] C:\MIS DOCUMENTOS\PICPROGRAMAS\RETLW2.ASM 38 : Found opcode in column 1. (RETLW)
Warning[203] C:\MIS DOCUMENTOS\PICPROGRAMAS\RETLW2.ASM 39 : Found opcode in column 1. (RETLW)
Warning[203] C:\MIS DOCUMENTOS\PICPROGRAMAS\RETLW2.ASM 40 : Found opcode in column 1. (RETLW)
Warning[203] C:\MIS DOCUMENTOS\PICPROGRAMAS\RETLW2.ASM 41 : Found opcode in column 1. (RETLW)
Warning[203] C:\MIS DOCUMENTOS\PICPROGRAMAS\RETLW2.ASM 42 : Found opcode in column 1. (RETLW)
Warning[205] C:\MIS DOCUMENTOS\PICPROGRAMAS\RETLW2.ASM 43 : Found directive in column 1. (end)
