Warning[205] C:\MIS DOCUMENTOS\PICPROGRAMAS\SERIE2.ASM 7 : Found directive in column 1. (LIST)
Warning[215] C:\MIS DOCUMENTOS\PICPROGRAMAS\SERIE2.ASM 7 : Processor superseded by command line.  Verify processor symbol.
Warning[205] C:\MIS DOCUMENTOS\PICPROGRAMAS\SERIE2.ASM 8 : Found directive in column 1. (Include)
Warning[205] C:\MIS DOCUMENTOS\PICPROGRAMAS\SERIE2.ASM 12 : Found directive in column 1. (org)
Warning[203] C:\MIS DOCUMENTOS\PICPROGRAMAS\SERIE2.ASM 14 : Found opcode in column 1. (BSF)
Warning[203] C:\MIS DOCUMENTOS\PICPROGRAMAS\SERIE2.ASM 15 : Found opcode in column 1. (MOVLW)
Warning[203] C:\MIS DOCUMENTOS\PICPROGRAMAS\SERIE2.ASM 16 : Found opcode in column 1. (MOVWF)
Message[302] C:\MIS DOCUMENTOS\PICPROGRAMAS\SERIE2.ASM 16 : Register in operand not in bank 0.  Ensure that bank bits are correct.
Warning[203] C:\MIS DOCUMENTOS\PICPROGRAMAS\SERIE2.ASM 17 : Found opcode in column 1. (CLRF)
Message[302] C:\MIS DOCUMENTOS\PICPROGRAMAS\SERIE2.ASM 17 : Register in operand not in bank 0.  Ensure that bank bits are correct.
Warning[203] C:\MIS DOCUMENTOS\PICPROGRAMAS\SERIE2.ASM 18 : Found opcode in column 1. (BSF)
Message[302] C:\MIS DOCUMENTOS\PICPROGRAMAS\SERIE2.ASM 18 : Register in operand not in bank 0.  Ensure that bank bits are correct.
Warning[203] C:\MIS DOCUMENTOS\PICPROGRAMAS\SERIE2.ASM 19 : Found opcode in column 1. (BSF)
Message[302] C:\MIS DOCUMENTOS\PICPROGRAMAS\SERIE2.ASM 19 : Register in operand not in bank 0.  Ensure that bank bits are correct.
Warning[203] C:\MIS DOCUMENTOS\PICPROGRAMAS\SERIE2.ASM 20 : Found opcode in column 1. (BCF)
Warning[203] C:\MIS DOCUMENTOS\PICPROGRAMAS\SERIE2.ASM 21 : Found opcode in column 1. (MOVLW)
Warning[203] C:\MIS DOCUMENTOS\PICPROGRAMAS\SERIE2.ASM 22 : Found opcode in column 1. (MOVWF)
Warning[203] C:\MIS DOCUMENTOS\PICPROGRAMAS\SERIE2.ASM 24 : Found opcode in column 1. (BSF)
Warning[203] C:\MIS DOCUMENTOS\PICPROGRAMAS\SERIE2.ASM 26 : Found opcode in column 1. (GOTO)
Warning[203] C:\MIS DOCUMENTOS\PICPROGRAMAS\SERIE2.ASM 27 : Found opcode in column 1. (MOVF)
Warning[203] C:\MIS DOCUMENTOS\PICPROGRAMAS\SERIE2.ASM 28 : Found opcode in column 1. (CALL)
Warning[203] C:\MIS DOCUMENTOS\PICPROGRAMAS\SERIE2.ASM 29 : Found opcode in column 1. (BSF)
Warning[203] C:\MIS DOCUMENTOS\PICPROGRAMAS\SERIE2.ASM 30 : Found opcode in column 1. (MOVF)
Message[302] C:\MIS DOCUMENTOS\PICPROGRAMAS\SERIE2.ASM 30 : Register in operand not in bank 0.  Ensure that bank bits are correct.
Warning[203] C:\MIS DOCUMENTOS\PICPROGRAMAS\SERIE2.ASM 31 : Found opcode in column 1. (CALL)
Warning[203] C:\MIS DOCUMENTOS\PICPROGRAMAS\SERIE2.ASM 32 : Found opcode in column 1. (MOVLW)
Warning[203] C:\MIS DOCUMENTOS\PICPROGRAMAS\SERIE2.ASM 33 : Found opcode in column 1. (CALL)
Warning[203] C:\MIS DOCUMENTOS\PICPROGRAMAS\SERIE2.ASM 34 : Found opcode in column 1. (MOVLW)
Warning[203] C:\MIS DOCUMENTOS\PICPROGRAMAS\SERIE2.ASM 35 : Found opcode in column 1. (CALL)
Warning[203] C:\MIS DOCUMENTOS\PICPROGRAMAS\SERIE2.ASM 36 : Found opcode in column 1. (GOTO)
Warning[203] C:\MIS DOCUMENTOS\PICPROGRAMAS\SERIE2.ASM 42 : Found opcode in column 1. (MOVWF)
Warning[203] C:\MIS DOCUMENTOS\PICPROGRAMAS\SERIE2.ASM 43 : Found opcode in column 1. (MOVWF)
Warning[203] C:\MIS DOCUMENTOS\PICPROGRAMAS\SERIE2.ASM 44 : Found opcode in column 1. (SWAPF)
Warning[203] C:\MIS DOCUMENTOS\PICPROGRAMAS\SERIE2.ASM 45 : Found opcode in column 1. (MOVLW)
Warning[203] C:\MIS DOCUMENTOS\PICPROGRAMAS\SERIE2.ASM 46 : Found opcode in column 1. (ANDWF)
Warning[203] C:\MIS DOCUMENTOS\PICPROGRAMAS\SERIE2.ASM 47 : Found opcode in column 1. (ANDWF)
Warning[203] C:\MIS DOCUMENTOS\PICPROGRAMAS\SERIE2.ASM 48 : Found opcode in column 1. (MOVF)
Warning[203] C:\MIS DOCUMENTOS\PICPROGRAMAS\SERIE2.ASM 49 : Found opcode in column 1. (CALL)
Warning[203] C:\MIS DOCUMENTOS\PICPROGRAMAS\SERIE2.ASM 50 : Found opcode in column 1. (CALL)
Warning[203] C:\MIS DOCUMENTOS\PICPROGRAMAS\SERIE2.ASM 51 : Found opcode in column 1. (MOVF)
Warning[203] C:\MIS DOCUMENTOS\PICPROGRAMAS\SERIE2.ASM 52 : Found opcode in column 1. (CALL)
Warning[203] C:\MIS DOCUMENTOS\PICPROGRAMAS\SERIE2.ASM 53 : Found opcode in column 1. (CALL)
Warning[203] C:\MIS DOCUMENTOS\PICPROGRAMAS\SERIE2.ASM 54 : Found opcode in column 1. (RETURN)
Warning[205] C:\MIS DOCUMENTOS\PICPROGRAMAS\SERIE2.ASM 57 : Found directive in column 1. (DT)
Warning[203] C:\MIS DOCUMENTOS\PICPROGRAMAS\SERIE2.ASM 62 : Found opcode in column 1. (MOVWF)
Warning[203] C:\MIS DOCUMENTOS\PICPROGRAMAS\SERIE2.ASM 64 : Found opcode in column 1. (GOTO)
Warning[203] C:\MIS DOCUMENTOS\PICPROGRAMAS\SERIE2.ASM 71 : Found opcode in column 1. (BCF)
Warning[203] C:\MIS DOCUMENTOS\PICPROGRAMAS\SERIE2.ASM 72 : Found opcode in column 1. (BSF)
Warning[203] C:\MIS DOCUMENTOS\PICPROGRAMAS\SERIE2.ASM 73 : Found opcode in column 1. (BCF)
Message[302] C:\MIS DOCUMENTOS\PICPROGRAMAS\SERIE2.ASM 73 : Register in operand not in bank 0.  Ensure that bank bits are correct.
Warning[203] C:\MIS DOCUMENTOS\PICPROGRAMAS\SERIE2.ASM 74 : Found opcode in column 1. (MOVLW)
Warning[203] C:\MIS DOCUMENTOS\PICPROGRAMAS\SERIE2.ASM 75 : Found opcode in column 1. (MOVWF)
Message[302] C:\MIS DOCUMENTOS\PICPROGRAMAS\SERIE2.ASM 75 : Register in operand not in bank 0.  Ensure that bank bits are correct.
Warning[203] C:\MIS DOCUMENTOS\PICPROGRAMAS\SERIE2.ASM 76 : Found opcode in column 1. (BCF)
Message[302] C:\MIS DOCUMENTOS\PICPROGRAMAS\SERIE2.ASM 76 : Register in operand not in bank 0.  Ensure that bank bits are correct.
Warning[203] C:\MIS DOCUMENTOS\PICPROGRAMAS\SERIE2.ASM 77 : Found opcode in column 1. (BSF)
Message[302] C:\MIS DOCUMENTOS\PICPROGRAMAS\SERIE2.ASM 77 : Register in operand not in bank 0.  Ensure that bank bits are correct.
Warning[203] C:\MIS DOCUMENTOS\PICPROGRAMAS\SERIE2.ASM 78 : Found opcode in column 1. (BCF)
Warning[203] C:\MIS DOCUMENTOS\PICPROGRAMAS\SERIE2.ASM 79 : Found opcode in column 1. (BSF)
Warning[203] C:\MIS DOCUMENTOS\PICPROGRAMAS\SERIE2.ASM 80 : Found opcode in column 1. (RETURN)
Message[302] C:\MIS DOCUMENTOS\PICPROGRAMAS\SERIE2.ASM 85 : Register in operand not in bank 0.  Ensure that bank bits are correct.
Warning[203] C:\MIS DOCUMENTOS\PICPROGRAMAS\SERIE2.ASM 86 : Found opcode in column 1. (GOTO)
Warning[203] C:\MIS DOCUMENTOS\PICPROGRAMAS\SERIE2.ASM 87 : Found opcode in column 1. (BCF)
Warning[203] C:\MIS DOCUMENTOS\PICPROGRAMAS\SERIE2.ASM 88 : Found opcode in column 1. (MOVWF)
Warning[203] C:\MIS DOCUMENTOS\PICPROGRAMAS\SERIE2.ASM 89 : Found opcode in column 1. (RETURN)
Warning[205] C:\MIS DOCUMENTOS\PICPROGRAMAS\SERIE2.ASM 90 : Found directive in column 1. (end)
