Warning[205] C:\MIS DOCUMENTOS\PICPROGRAMAS\SERIECON.ASM 6 : Found directive in column 1. (list)
Warning[205] C:\MIS DOCUMENTOS\PICPROGRAMAS\SERIECON.ASM 7 : Found directive in column 1. (Include)
Warning[205] C:\MIS DOCUMENTOS\PICPROGRAMAS\SERIECON.ASM 11 : Found directive in column 1. (org)
Warning[203] C:\MIS DOCUMENTOS\PICPROGRAMAS\SERIECON.ASM 13 : Found opcode in column 1. (BSF)
Warning[203] C:\MIS DOCUMENTOS\PICPROGRAMAS\SERIECON.ASM 14 : Found opcode in column 1. (CLRF)
Message[302] C:\MIS DOCUMENTOS\PICPROGRAMAS\SERIECON.ASM 14 : Register in operand not in bank 0.  Ensure that bank bits are correct.
Warning[203] C:\MIS DOCUMENTOS\PICPROGRAMAS\SERIECON.ASM 15 : Found opcode in column 1. (BSF)
Message[302] C:\MIS DOCUMENTOS\PICPROGRAMAS\SERIECON.ASM 15 : Register in operand not in bank 0.  Ensure that bank bits are correct.
Warning[203] C:\MIS DOCUMENTOS\PICPROGRAMAS\SERIECON.ASM 16 : Found opcode in column 1. (BSF)
Message[302] C:\MIS DOCUMENTOS\PICPROGRAMAS\SERIECON.ASM 16 : Register in operand not in bank 0.  Ensure that bank bits are correct.
Warning[203] C:\MIS DOCUMENTOS\PICPROGRAMAS\SERIECON.ASM 17 : Found opcode in column 1. (BCF)
Warning[203] C:\MIS DOCUMENTOS\PICPROGRAMAS\SERIECON.ASM 18 : Found opcode in column 1. (MOVLW)
Warning[203] C:\MIS DOCUMENTOS\PICPROGRAMAS\SERIECON.ASM 19 : Found opcode in column 1. (MOVWF)
Warning[203] C:\MIS DOCUMENTOS\PICPROGRAMAS\SERIECON.ASM 21 : Found opcode in column 1. (BSF)
Warning[203] C:\MIS DOCUMENTOS\PICPROGRAMAS\SERIECON.ASM 23 : Found opcode in column 1. (GOTO)
Warning[203] C:\MIS DOCUMENTOS\PICPROGRAMAS\SERIECON.ASM 24 : Found opcode in column 1. (MOVF)
Warning[203] C:\MIS DOCUMENTOS\PICPROGRAMAS\SERIECON.ASM 25 : Found opcode in column 1. (CALL)
Warning[203] C:\MIS DOCUMENTOS\PICPROGRAMAS\SERIECON.ASM 26 : Found opcode in column 1. (BSF)
Warning[203] C:\MIS DOCUMENTOS\PICPROGRAMAS\SERIECON.ASM 27 : Found opcode in column 1. (MOVF)
Message[302] C:\MIS DOCUMENTOS\PICPROGRAMAS\SERIECON.ASM 27 : Register in operand not in bank 0.  Ensure that bank bits are correct.
Warning[203] C:\MIS DOCUMENTOS\PICPROGRAMAS\SERIECON.ASM 28 : Found opcode in column 1. (CALL)
Warning[203] C:\MIS DOCUMENTOS\PICPROGRAMAS\SERIECON.ASM 29 : Found opcode in column 1. (MOVLW)
Warning[203] C:\MIS DOCUMENTOS\PICPROGRAMAS\SERIECON.ASM 30 : Found opcode in column 1. (CALL)
Warning[203] C:\MIS DOCUMENTOS\PICPROGRAMAS\SERIECON.ASM 31 : Found opcode in column 1. (MOVLW)
Warning[203] C:\MIS DOCUMENTOS\PICPROGRAMAS\SERIECON.ASM 32 : Found opcode in column 1. (CALL)
Warning[203] C:\MIS DOCUMENTOS\PICPROGRAMAS\SERIECON.ASM 33 : Found opcode in column 1. (GOTO)
Warning[203] C:\MIS DOCUMENTOS\PICPROGRAMAS\SERIECON.ASM 39 : Found opcode in column 1. (MOVWF)
Warning[203] C:\MIS DOCUMENTOS\PICPROGRAMAS\SERIECON.ASM 40 : Found opcode in column 1. (MOVWF)
Warning[203] C:\MIS DOCUMENTOS\PICPROGRAMAS\SERIECON.ASM 41 : Found opcode in column 1. (SWAPF)
Warning[203] C:\MIS DOCUMENTOS\PICPROGRAMAS\SERIECON.ASM 42 : Found opcode in column 1. (MOVLW)
Warning[203] C:\MIS DOCUMENTOS\PICPROGRAMAS\SERIECON.ASM 43 : Found opcode in column 1. (ANDWF)
Warning[203] C:\MIS DOCUMENTOS\PICPROGRAMAS\SERIECON.ASM 44 : Found opcode in column 1. (ANDWF)
Warning[203] C:\MIS DOCUMENTOS\PICPROGRAMAS\SERIECON.ASM 45 : Found opcode in column 1. (MOVF)
Warning[203] C:\MIS DOCUMENTOS\PICPROGRAMAS\SERIECON.ASM 46 : Found opcode in column 1. (CALL)
Warning[203] C:\MIS DOCUMENTOS\PICPROGRAMAS\SERIECON.ASM 47 : Found opcode in column 1. (CALL)
Warning[203] C:\MIS DOCUMENTOS\PICPROGRAMAS\SERIECON.ASM 48 : Found opcode in column 1. (MOVF)
Warning[203] C:\MIS DOCUMENTOS\PICPROGRAMAS\SERIECON.ASM 49 : Found opcode in column 1. (CALL)
Warning[203] C:\MIS DOCUMENTOS\PICPROGRAMAS\SERIECON.ASM 50 : Found opcode in column 1. (CALL)
Warning[203] C:\MIS DOCUMENTOS\PICPROGRAMAS\SERIECON.ASM 51 : Found opcode in column 1. (RETURN)
Warning[205] C:\MIS DOCUMENTOS\PICPROGRAMAS\SERIECON.ASM 54 : Found directive in column 1. (DT)
Warning[203] C:\MIS DOCUMENTOS\PICPROGRAMAS\SERIECON.ASM 59 : Found opcode in column 1. (MOVWF)
Warning[203] C:\MIS DOCUMENTOS\PICPROGRAMAS\SERIECON.ASM 61 : Found opcode in column 1. (GOTO)
Warning[203] C:\MIS DOCUMENTOS\PICPROGRAMAS\SERIECON.ASM 68 : Found opcode in column 1. (BCF)
Warning[203] C:\MIS DOCUMENTOS\PICPROGRAMAS\SERIECON.ASM 69 : Found opcode in column 1. (BSF)
Warning[203] C:\MIS DOCUMENTOS\PICPROGRAMAS\SERIECON.ASM 70 : Found opcode in column 1. (BCF)
Message[302] C:\MIS DOCUMENTOS\PICPROGRAMAS\SERIECON.ASM 70 : Register in operand not in bank 0.  Ensure that bank bits are correct.
Warning[203] C:\MIS DOCUMENTOS\PICPROGRAMAS\SERIECON.ASM 71 : Found opcode in column 1. (MOVLW)
Warning[203] C:\MIS DOCUMENTOS\PICPROGRAMAS\SERIECON.ASM 72 : Found opcode in column 1. (MOVWF)
Message[302] C:\MIS DOCUMENTOS\PICPROGRAMAS\SERIECON.ASM 72 : Register in operand not in bank 0.  Ensure that bank bits are correct.
Warning[203] C:\MIS DOCUMENTOS\PICPROGRAMAS\SERIECON.ASM 73 : Found opcode in column 1. (BCF)
Message[302] C:\MIS DOCUMENTOS\PICPROGRAMAS\SERIECON.ASM 73 : Register in operand not in bank 0.  Ensure that bank bits are correct.
Warning[203] C:\MIS DOCUMENTOS\PICPROGRAMAS\SERIECON.ASM 74 : Found opcode in column 1. (BSF)
Message[302] C:\MIS DOCUMENTOS\PICPROGRAMAS\SERIECON.ASM 74 : Register in operand not in bank 0.  Ensure that bank bits are correct.
Warning[203] C:\MIS DOCUMENTOS\PICPROGRAMAS\SERIECON.ASM 75 : Found opcode in column 1. (BSF)
Warning[203] C:\MIS DOCUMENTOS\PICPROGRAMAS\SERIECON.ASM 76 : Found opcode in column 1. (RETURN)
Message[302] C:\MIS DOCUMENTOS\PICPROGRAMAS\SERIECON.ASM 81 : Register in operand not in bank 0.  Ensure that bank bits are correct.
Warning[203] C:\MIS DOCUMENTOS\PICPROGRAMAS\SERIECON.ASM 82 : Found opcode in column 1. (GOTO)
Warning[203] C:\MIS DOCUMENTOS\PICPROGRAMAS\SERIECON.ASM 83 : Found opcode in column 1. (BCF)
Warning[203] C:\MIS DOCUMENTOS\PICPROGRAMAS\SERIECON.ASM 84 : Found opcode in column 1. (MOVWF)
Warning[203] C:\MIS DOCUMENTOS\PICPROGRAMAS\SERIECON.ASM 85 : Found opcode in column 1. (RETURN)
Warning[205] C:\MIS DOCUMENTOS\PICPROGRAMAS\SERIECON.ASM 86 : Found directive in column 1. (end)
