Warning[205] C:\MIS DOCUMENTOS\PICPROGRAMAS\TXRX.ASM 1 : Found directive in column 1. (list)
Warning[205] C:\MIS DOCUMENTOS\PICPROGRAMAS\TXRX.ASM 6 : Found directive in column 1. (Include)
Warning[205] C:\MIS DOCUMENTOS\PICPROGRAMAS\TXRX.ASM 8 : Found directive in column 1. (org)
Warning[203] C:\MIS DOCUMENTOS\PICPROGRAMAS\TXRX.ASM 10 : Found opcode in column 1. (BCF)
Message[302] C:\MIS DOCUMENTOS\PICPROGRAMAS\TXRX.ASM 10 : Register in operand not in bank 0.  Ensure that bank bits are correct.
Warning[203] C:\MIS DOCUMENTOS\PICPROGRAMAS\TXRX.ASM 11 : Found opcode in column 1. (MOVLW)
Warning[203] C:\MIS DOCUMENTOS\PICPROGRAMAS\TXRX.ASM 12 : Found opcode in column 1. (MOVWF)
Message[302] C:\MIS DOCUMENTOS\PICPROGRAMAS\TXRX.ASM 12 : Register in operand not in bank 0.  Ensure that bank bits are correct.
Warning[203] C:\MIS DOCUMENTOS\PICPROGRAMAS\TXRX.ASM 13 : Found opcode in column 1. (BCF)
Message[302] C:\MIS DOCUMENTOS\PICPROGRAMAS\TXRX.ASM 13 : Register in operand not in bank 0.  Ensure that bank bits are correct.
Warning[203] C:\MIS DOCUMENTOS\PICPROGRAMAS\TXRX.ASM 14 : Found opcode in column 1. (BSF)
Message[302] C:\MIS DOCUMENTOS\PICPROGRAMAS\TXRX.ASM 14 : Register in operand not in bank 0.  Ensure that bank bits are correct.
Warning[203] C:\MIS DOCUMENTOS\PICPROGRAMAS\TXRX.ASM 15 : Found opcode in column 1. (BCF)
Warning[203] C:\MIS DOCUMENTOS\PICPROGRAMAS\TXRX.ASM 16 : Found opcode in column 1. (BSF)
Warning[203] C:\MIS DOCUMENTOS\PICPROGRAMAS\TXRX.ASM 17 : Found opcode in column 1. (BSF)
Warning[203] C:\MIS DOCUMENTOS\PICPROGRAMAS\TXRX.ASM 19 : Found opcode in column 1. (MOVLW)
Warning[203] C:\MIS DOCUMENTOS\PICPROGRAMAS\TXRX.ASM 20 : Found opcode in column 1. (SUBWF)
Warning[203] C:\MIS DOCUMENTOS\PICPROGRAMAS\TXRX.ASM 21 : Found opcode in column 1. (BTFSC)
Warning[203] C:\MIS DOCUMENTOS\PICPROGRAMAS\TXRX.ASM 22 : Found opcode in column 1. (GOTO)
Warning[203] C:\MIS DOCUMENTOS\PICPROGRAMAS\TXRX.ASM 23 : Found opcode in column 1. (CALL)
Warning[203] C:\MIS DOCUMENTOS\PICPROGRAMAS\TXRX.ASM 24 : Found opcode in column 1. (GOTO)
Message[302] C:\MIS DOCUMENTOS\PICPROGRAMAS\TXRX.ASM 30 : Register in operand not in bank 0.  Ensure that bank bits are correct.
Warning[203] C:\MIS DOCUMENTOS\PICPROGRAMAS\TXRX.ASM 31 : Found opcode in column 1. (GOTO)
Warning[203] C:\MIS DOCUMENTOS\PICPROGRAMAS\TXRX.ASM 32 : Found opcode in column 1. (BCF)
Warning[203] C:\MIS DOCUMENTOS\PICPROGRAMAS\TXRX.ASM 33 : Found opcode in column 1. (MOVF)
Warning[203] C:\MIS DOCUMENTOS\PICPROGRAMAS\TXRX.ASM 34 : Found opcode in column 1. (MOVWF)
Warning[203] C:\MIS DOCUMENTOS\PICPROGRAMAS\TXRX.ASM 35 : Found opcode in column 1. (RETURN)
Warning[203] C:\MIS DOCUMENTOS\PICPROGRAMAS\TXRX.ASM 40 : Found opcode in column 1. (GOTO)
Warning[203] C:\MIS DOCUMENTOS\PICPROGRAMAS\TXRX.ASM 41 : Found opcode in column 1. (MOVF)
Warning[203] C:\MIS DOCUMENTOS\PICPROGRAMAS\TXRX.ASM 42 : Found opcode in column 1. (MOVWF)
Warning[203] C:\MIS DOCUMENTOS\PICPROGRAMAS\TXRX.ASM 43 : Found opcode in column 1. (RETURN)
Warning[205] C:\MIS DOCUMENTOS\PICPROGRAMAS\TXRX.ASM 44 : Found directive in column 1. (end)
